10000010111000000010011000000000
10000000100000000001001100000000
01010000110000000000000000000000
10010010111101110010100000000000
00010000001101110000000000000000
00010010001101110010000000000000
00010001001101110001000000000000
00010011001101110011000000000000
00010011111101110000100000000000
00000000001001000000000000000000
10000010001000001000000000000000
00000001001000000000000000000000
00000011001000000000000000000000
10100010001000010001101000000000
10000010001100011000000000000000
00000000100100010000000000000000
01010000111110000000000000000000
00000000010010000100100000100100
10100000010000000010110000000000
00000001001010000000000000000000
00000011001100010000000000000000
01100000101100000000000000000000
00000001000010010000000000000000
00000011000110010000000000000000
11100000001101110000000000000000
11100010001101110010000000000000
11100001001101110001000000000000
11100011001101110011000000000000
11100011111101110000100000000000
10000010111101110010100000000000
00000011111000000000000000000100
10010010111101110011000000000000
00010000001101110000000000000000
00010010001101110010000000000000
00010011111101110001000000000000
00000000001001000000000000000000
00000010001000000000000000000000
10000000010000001000000000000000
10100000001000100000110100000000
00000000100000010000000000000000
01010000010011000000000000000000
00000000001010000000000000000000
10000010001100011000000000000000
01100000101001000000000000000000
00000001000100010000000000000000
11100000001101110000000000000000
11100010001101110010000000000000
11100011111101110001000000000000
10000010111101110011000000000000
00000011111000000000000000000100
00000001000001000010000000000000
01000010010001001000000000000000
10100010010000000000011100000000
00000001000010000010000000000000
10000001000010001000000000000000
01100000100111000000000000000000
00000001000010000000001000111000
00000011111000000000000000000100
