10000010111000000001011111000000
10000000100000000001001100000000
01010000001000000000000000000000
11010000000000000000000000000000
10010010111101110011000000000000
00010000001101110000000000000000
00010010001101110010000000000000
00010011111101110001000000000000
00000000001001000000000000000000
10000010001000001000000000000000
00010000000101000000000000000000
00000000100100010000000000000000
01010000111010000000000000000000
00000000010100010000001000111000
00000000010000101010000000000000
00010001000000100000000000000000
10000010001100011000000000000000
00100010001000010011010000000000
11100000001101110000000000000000
11100010001101110010000000000000
11100011111101110001000000000000
10000010111101110011000000000000
00000011111000000000000000000100
00000000010000000000000000000000
00000001000000000000000000000000
00000001000010000010000000000000
10000000010000101000000000000000
00100000010001000010011000000000
00000011111000000000000000000100
