10000000100000000010011000000000
10000000100000000010011000000000


10000010001000001000000000000000
10000010001000001000000000000000


00010000000000000000000000000000
00010000000000000000000000000000


00000001000000000000000000000000
00000001000000000000000000000000


00000010010000000000000000000000
00000010010000000000000000000000


00000001000010001000100000000000
00000001000010001000100000000000


10000010010100101000000000000000
10000010010100101000000000000000


001000 10010
001000 01000


00000000010100010000001000111000
00000000010100010000001000111000


00010001000000100000000000000000
00010001000000100000000000000000


10000010001100011000000000000000
10000010001100011000000000000000


00100010001001001100000000000000
00100010001001001100000000000000


11010000000000000000000000000000
11010000000000000000000000000000
